c:\users\abhinav natarajan\dropbox\interesting\projects\crossfeed app\crossfeed_juce\builds\visualstudio2019\x64\debug\vst3\vc142.pdb
c:\users\abhinav natarajan\dropbox\interesting\projects\crossfeed app\crossfeed_juce\builds\visualstudio2019\x64\debug\vst3\include_juce_audio_plugin_client_vst3.obj
c:\users\abhinav natarajan\dropbox\interesting\projects\crossfeed app\crossfeed_juce\builds\visualstudio2019\x64\debug\vst3\crossfeed.lib
c:\users\abhinav natarajan\dropbox\interesting\projects\crossfeed app\crossfeed_juce\builds\visualstudio2019\x64\debug\vst3\crossfeed.exp
c:\users\abhinav natarajan\dropbox\interesting\projects\crossfeed app\crossfeed_juce\builds\visualstudio2019\x64\debug\vst3\crossfeed.vst3
c:\users\abhinav natarajan\dropbox\interesting\projects\crossfeed app\crossfeed_juce\builds\visualstudio2019\x64\debug\vst3\crossfeed.ilk
c:\users\abhinav natarajan\dropbox\interesting\projects\crossfeed app\crossfeed_juce\builds\visualstudio2019\x64\debug\vst3\crossfeed.pdb
c:\users\abhinav natarajan\dropbox\interesting\projects\crossfeed app\crossfeed_juce\builds\visualstudio2019\x64\debug\vst3\resources.res
c:\users\abhinav natarajan\dropbox\interesting\projects\crossfeed app\git_repo\crossfeed\builds\visualstudio2019\x64\debug\vst3\include_juce_audio_plugin_client_vst3.obj
c:\users\abhinav natarajan\dropbox\interesting\projects\crossfeed app\git_repo\crossfeed\builds\visualstudio2019\x64\debug\vst3\crossfeed.ilk
c:\users\abhinav natarajan\dropbox\interesting\projects\crossfeed app\git_repo\crossfeed\builds\visualstudio2019\x64\debug\vst3\resources.res
c:\users\abhinav natarajan\dropbox\interesting\projects\crossfeed app\git_repo\crossfeed\builds\visualstudio2019\x64\debug\vst3\crossfeed.exp
c:\users\abhinav natarajan\dropbox\interesting\projects\crossfeed app\git_repo\crossfeed\builds\visualstudio2019\x64\debug\vst3\crossfeed.pdb
c:\users\abhinav natarajan\dropbox\interesting\projects\crossfeed app\git_repo\crossfeed\builds\visualstudio2019\x64\debug\vst3\vc142.pdb
c:\users\abhinav natarajan\dropbox\interesting\projects\crossfeed app\git_repo\crossfeed\builds\visualstudio2019\x64\debug\vst3\crossfeed.vst3
c:\users\abhinav natarajan\dropbox\interesting\projects\crossfeed app\git_repo\crossfeed\builds\visualstudio2019\x64\debug\vst3\crossfeed_vst3.tlog\cl.command.1.tlog
c:\users\abhinav natarajan\dropbox\interesting\projects\crossfeed app\git_repo\crossfeed\builds\visualstudio2019\x64\debug\vst3\crossfeed_vst3.tlog\cl.read.1.tlog
c:\users\abhinav natarajan\dropbox\interesting\projects\crossfeed app\git_repo\crossfeed\builds\visualstudio2019\x64\debug\vst3\crossfeed_vst3.tlog\cl.write.1.tlog
c:\users\abhinav natarajan\dropbox\interesting\projects\crossfeed app\git_repo\crossfeed\builds\visualstudio2019\x64\debug\vst3\crossfeed_vst3.tlog\crossfeed_vst3.write.1u.tlog
c:\users\abhinav natarajan\dropbox\interesting\projects\crossfeed app\git_repo\crossfeed\builds\visualstudio2019\x64\debug\vst3\crossfeed_vst3.tlog\link.28648.delete.1.tlog
c:\users\abhinav natarajan\dropbox\interesting\projects\crossfeed app\git_repo\crossfeed\builds\visualstudio2019\x64\debug\vst3\crossfeed_vst3.tlog\link.command.1.tlog
c:\users\abhinav natarajan\dropbox\interesting\projects\crossfeed app\git_repo\crossfeed\builds\visualstudio2019\x64\debug\vst3\crossfeed_vst3.tlog\link.delete.1.tlog
c:\users\abhinav natarajan\dropbox\interesting\projects\crossfeed app\git_repo\crossfeed\builds\visualstudio2019\x64\debug\vst3\crossfeed_vst3.tlog\link.read.1.tlog
c:\users\abhinav natarajan\dropbox\interesting\projects\crossfeed app\git_repo\crossfeed\builds\visualstudio2019\x64\debug\vst3\crossfeed_vst3.tlog\link.write.1.tlog
c:\users\abhinav natarajan\dropbox\interesting\projects\crossfeed app\git_repo\crossfeed\builds\visualstudio2019\x64\debug\vst3\crossfeed_vst3.tlog\rc.command.1.tlog
c:\users\abhinav natarajan\dropbox\interesting\projects\crossfeed app\git_repo\crossfeed\builds\visualstudio2019\x64\debug\vst3\crossfeed_vst3.tlog\rc.read.1.tlog
c:\users\abhinav natarajan\dropbox\interesting\projects\crossfeed app\git_repo\crossfeed\builds\visualstudio2019\x64\debug\vst3\crossfeed_vst3.tlog\rc.write.1.tlog
