c:\users\abhinav natarajan\dropbox\interesting\projects\crossfeed app\crossfeed_juce\builds\visualstudio2019\x64\release\shared code\binarydata.obj
c:\users\abhinav natarajan\dropbox\interesting\projects\crossfeed app\crossfeed_juce\builds\visualstudio2019\x64\release\shared code\include_juce_audio_utils.obj
c:\users\abhinav natarajan\dropbox\interesting\projects\crossfeed app\crossfeed_juce\builds\visualstudio2019\x64\release\shared code\include_juce_gui_extra.obj
c:\users\abhinav natarajan\dropbox\interesting\projects\crossfeed app\crossfeed_juce\builds\visualstudio2019\x64\release\shared code\include_juce_cryptography.obj
c:\users\abhinav natarajan\dropbox\interesting\projects\crossfeed app\crossfeed_juce\builds\visualstudio2019\x64\release\shared code\include_juce_graphics.obj
c:\users\abhinav natarajan\dropbox\interesting\projects\crossfeed app\crossfeed_juce\builds\visualstudio2019\x64\release\shared code\include_juce_audio_processors.obj
c:\users\abhinav natarajan\dropbox\interesting\projects\crossfeed app\crossfeed_juce\builds\visualstudio2019\x64\release\shared code\include_juce_opengl.obj
c:\users\abhinav natarajan\dropbox\interesting\projects\crossfeed app\crossfeed_juce\builds\visualstudio2019\x64\release\shared code\plugineditor.obj
c:\users\abhinav natarajan\dropbox\interesting\projects\crossfeed app\crossfeed_juce\builds\visualstudio2019\x64\release\shared code\include_juce_data_structures.obj
c:\users\abhinav natarajan\dropbox\interesting\projects\crossfeed app\crossfeed_juce\builds\visualstudio2019\x64\release\shared code\include_juce_audio_formats.obj
c:\users\abhinav natarajan\dropbox\interesting\projects\crossfeed app\crossfeed_juce\builds\visualstudio2019\x64\release\shared code\include_juce_gui_basics.obj
c:\users\abhinav natarajan\dropbox\interesting\projects\crossfeed app\crossfeed_juce\builds\visualstudio2019\x64\release\shared code\include_juce_audio_devices.obj
c:\users\abhinav natarajan\dropbox\interesting\projects\crossfeed app\crossfeed_juce\builds\visualstudio2019\x64\release\shared code\include_juce_dsp.obj
c:\users\abhinav natarajan\dropbox\interesting\projects\crossfeed app\crossfeed_juce\builds\visualstudio2019\x64\release\shared code\include_juce_audio_plugin_client_utils.obj
c:\users\abhinav natarajan\dropbox\interesting\projects\crossfeed app\crossfeed_juce\builds\visualstudio2019\x64\release\shared code\include_juce_events.obj
c:\users\abhinav natarajan\dropbox\interesting\projects\crossfeed app\crossfeed_juce\builds\visualstudio2019\x64\release\shared code\include_juce_audio_basics.obj
c:\users\abhinav natarajan\dropbox\interesting\projects\crossfeed app\crossfeed_juce\builds\visualstudio2019\x64\release\shared code\include_juce_core.obj
c:\users\abhinav natarajan\dropbox\interesting\projects\crossfeed app\crossfeed_juce\builds\visualstudio2019\x64\release\shared code\pluginprocessor.obj
c:\users\abhinav natarajan\dropbox\interesting\projects\crossfeed app\crossfeed_juce\builds\visualstudio2019\x64\release\shared code\crossfeed_sharedcode.pdb
c:\users\abhinav natarajan\dropbox\interesting\projects\crossfeed app\crossfeed_juce\builds\visualstudio2019\x64\release\shared code\crossfeed.lib
c:\users\abhinav natarajan\dropbox\interesting\projects\crossfeed app\git_repo\crossfeed\builds\visualstudio2019\x64\release\shared code\binarydata.obj
c:\users\abhinav natarajan\dropbox\interesting\projects\crossfeed app\git_repo\crossfeed\builds\visualstudio2019\x64\release\shared code\include_juce_audio_basics.obj
c:\users\abhinav natarajan\dropbox\interesting\projects\crossfeed app\git_repo\crossfeed\builds\visualstudio2019\x64\release\shared code\include_juce_audio_devices.obj
c:\users\abhinav natarajan\dropbox\interesting\projects\crossfeed app\git_repo\crossfeed\builds\visualstudio2019\x64\release\shared code\include_juce_audio_formats.obj
c:\users\abhinav natarajan\dropbox\interesting\projects\crossfeed app\git_repo\crossfeed\builds\visualstudio2019\x64\release\shared code\include_juce_audio_plugin_client_utils.obj
c:\users\abhinav natarajan\dropbox\interesting\projects\crossfeed app\git_repo\crossfeed\builds\visualstudio2019\x64\release\shared code\include_juce_audio_processors.obj
c:\users\abhinav natarajan\dropbox\interesting\projects\crossfeed app\git_repo\crossfeed\builds\visualstudio2019\x64\release\shared code\include_juce_audio_utils.obj
c:\users\abhinav natarajan\dropbox\interesting\projects\crossfeed app\git_repo\crossfeed\builds\visualstudio2019\x64\release\shared code\include_juce_core.obj
c:\users\abhinav natarajan\dropbox\interesting\projects\crossfeed app\git_repo\crossfeed\builds\visualstudio2019\x64\release\shared code\include_juce_cryptography.obj
c:\users\abhinav natarajan\dropbox\interesting\projects\crossfeed app\git_repo\crossfeed\builds\visualstudio2019\x64\release\shared code\include_juce_data_structures.obj
c:\users\abhinav natarajan\dropbox\interesting\projects\crossfeed app\git_repo\crossfeed\builds\visualstudio2019\x64\release\shared code\include_juce_dsp.obj
c:\users\abhinav natarajan\dropbox\interesting\projects\crossfeed app\git_repo\crossfeed\builds\visualstudio2019\x64\release\shared code\include_juce_events.obj
c:\users\abhinav natarajan\dropbox\interesting\projects\crossfeed app\git_repo\crossfeed\builds\visualstudio2019\x64\release\shared code\include_juce_graphics.obj
c:\users\abhinav natarajan\dropbox\interesting\projects\crossfeed app\git_repo\crossfeed\builds\visualstudio2019\x64\release\shared code\include_juce_gui_basics.obj
c:\users\abhinav natarajan\dropbox\interesting\projects\crossfeed app\git_repo\crossfeed\builds\visualstudio2019\x64\release\shared code\include_juce_gui_extra.obj
c:\users\abhinav natarajan\dropbox\interesting\projects\crossfeed app\git_repo\crossfeed\builds\visualstudio2019\x64\release\shared code\include_juce_opengl.obj
c:\users\abhinav natarajan\dropbox\interesting\projects\crossfeed app\git_repo\crossfeed\builds\visualstudio2019\x64\release\shared code\plugineditor.obj
c:\users\abhinav natarajan\dropbox\interesting\projects\crossfeed app\git_repo\crossfeed\builds\visualstudio2019\x64\release\shared code\pluginprocessor.obj
c:\users\abhinav natarajan\dropbox\interesting\projects\crossfeed app\git_repo\crossfeed\builds\visualstudio2019\x64\release\shared code\crossfeed_sharedcode.pdb
c:\users\abhinav natarajan\dropbox\interesting\projects\crossfeed app\git_repo\crossfeed\builds\visualstudio2019\x64\release\shared code\crossfeed.lib
c:\users\abhinav natarajan\dropbox\interesting\projects\crossfeed app\git_repo\crossfeed\builds\visualstudio2019\x64\release\shared code\crossfee.326cf5a5.tlog\cl.command.1.tlog
c:\users\abhinav natarajan\dropbox\interesting\projects\crossfeed app\git_repo\crossfeed\builds\visualstudio2019\x64\release\shared code\crossfee.326cf5a5.tlog\cl.read.1.tlog
c:\users\abhinav natarajan\dropbox\interesting\projects\crossfeed app\git_repo\crossfeed\builds\visualstudio2019\x64\release\shared code\crossfee.326cf5a5.tlog\cl.write.1.tlog
c:\users\abhinav natarajan\dropbox\interesting\projects\crossfeed app\git_repo\crossfeed\builds\visualstudio2019\x64\release\shared code\crossfee.326cf5a5.tlog\lib-link.read.1.tlog
c:\users\abhinav natarajan\dropbox\interesting\projects\crossfeed app\git_repo\crossfeed\builds\visualstudio2019\x64\release\shared code\crossfee.326cf5a5.tlog\lib-link.write.1.tlog
c:\users\abhinav natarajan\dropbox\interesting\projects\crossfeed app\git_repo\crossfeed\builds\visualstudio2019\x64\release\shared code\crossfee.326cf5a5.tlog\lib.command.1.tlog
