c:\users\abhinav natarajan\dropbox\interesting\projects\crossfeed app\crossfeed_juce\builds\visualstudio2019\x64\debug\standalone plugin\vc142.pdb
c:\users\abhinav natarajan\dropbox\interesting\projects\crossfeed app\crossfeed_juce\builds\visualstudio2019\x64\debug\standalone plugin\include_juce_audio_plugin_client_standalone.obj
c:\users\abhinav natarajan\dropbox\interesting\projects\crossfeed app\crossfeed_juce\builds\visualstudio2019\x64\debug\standalone plugin\crossfeed.exe
c:\users\abhinav natarajan\dropbox\interesting\projects\crossfeed app\crossfeed_juce\builds\visualstudio2019\x64\debug\standalone plugin\crossfeed.ilk
c:\users\abhinav natarajan\dropbox\interesting\projects\crossfeed app\crossfeed_juce\builds\visualstudio2019\x64\debug\standalone plugin\crossfeed.pdb
c:\users\abhinav natarajan\dropbox\interesting\projects\crossfeed app\crossfeed_juce\builds\visualstudio2019\x64\debug\standalone plugin\resources.res
c:\users\abhinav natarajan\dropbox\interesting\projects\crossfeed app\git_repo\crossfeed\builds\visualstudio2019\x64\debug\standalone plugin\include_juce_audio_plugin_client_standalone.obj
c:\users\abhinav natarajan\dropbox\interesting\projects\crossfeed app\git_repo\crossfeed\builds\visualstudio2019\x64\debug\standalone plugin\crossfeed.ilk
c:\users\abhinav natarajan\dropbox\interesting\projects\crossfeed app\git_repo\crossfeed\builds\visualstudio2019\x64\debug\standalone plugin\resources.res
c:\users\abhinav natarajan\dropbox\interesting\projects\crossfeed app\git_repo\crossfeed\builds\visualstudio2019\x64\debug\standalone plugin\crossfeed.pdb
c:\users\abhinav natarajan\dropbox\interesting\projects\crossfeed app\git_repo\crossfeed\builds\visualstudio2019\x64\debug\standalone plugin\vc142.pdb
c:\users\abhinav natarajan\dropbox\interesting\projects\crossfeed app\git_repo\crossfeed\builds\visualstudio2019\x64\debug\standalone plugin\crossfeed.exe
c:\users\abhinav natarajan\dropbox\interesting\projects\crossfeed app\git_repo\crossfeed\builds\visualstudio2019\x64\debug\standalone plugin\crossfee.7b5f4111.tlog\cl.command.1.tlog
c:\users\abhinav natarajan\dropbox\interesting\projects\crossfeed app\git_repo\crossfeed\builds\visualstudio2019\x64\debug\standalone plugin\crossfee.7b5f4111.tlog\cl.read.1.tlog
c:\users\abhinav natarajan\dropbox\interesting\projects\crossfeed app\git_repo\crossfeed\builds\visualstudio2019\x64\debug\standalone plugin\crossfee.7b5f4111.tlog\cl.write.1.tlog
c:\users\abhinav natarajan\dropbox\interesting\projects\crossfeed app\git_repo\crossfeed\builds\visualstudio2019\x64\debug\standalone plugin\crossfee.7b5f4111.tlog\link.command.1.tlog
c:\users\abhinav natarajan\dropbox\interesting\projects\crossfeed app\git_repo\crossfeed\builds\visualstudio2019\x64\debug\standalone plugin\crossfee.7b5f4111.tlog\link.delete.1.tlog
c:\users\abhinav natarajan\dropbox\interesting\projects\crossfeed app\git_repo\crossfeed\builds\visualstudio2019\x64\debug\standalone plugin\crossfee.7b5f4111.tlog\link.read.1.tlog
c:\users\abhinav natarajan\dropbox\interesting\projects\crossfeed app\git_repo\crossfeed\builds\visualstudio2019\x64\debug\standalone plugin\crossfee.7b5f4111.tlog\link.write.1.tlog
c:\users\abhinav natarajan\dropbox\interesting\projects\crossfeed app\git_repo\crossfeed\builds\visualstudio2019\x64\debug\standalone plugin\crossfee.7b5f4111.tlog\rc.command.1.tlog
c:\users\abhinav natarajan\dropbox\interesting\projects\crossfeed app\git_repo\crossfeed\builds\visualstudio2019\x64\debug\standalone plugin\crossfee.7b5f4111.tlog\rc.read.1.tlog
c:\users\abhinav natarajan\dropbox\interesting\projects\crossfeed app\git_repo\crossfeed\builds\visualstudio2019\x64\debug\standalone plugin\crossfee.7b5f4111.tlog\rc.write.1.tlog
